{
  "RSpec": {
    "coverage": {
      "/Users/kyle_s/Documents/2module/weekly_tests/job-tracker/config/environment.rb": [
        null,
        1,
        null,
        null,
        1
      ],
      "/Users/kyle_s/Documents/2module/weekly_tests/job-tracker/config/application.rb": [
        1,
        null,
        1,
        null,
        null,
        null,
        1,
        null,
        1,
        1,
        null,
        1,
        null,
        null,
        null,
        null,
        null,
        null
      ],
      "/Users/kyle_s/Documents/2module/weekly_tests/job-tracker/config/boot.rb": [
        1,
        null,
        1
      ],
      "/Users/kyle_s/Documents/2module/weekly_tests/job-tracker/config/environments/test.rb": [
        1,
        null,
        null,
        null,
        null,
        null,
        null,
        1,
        null,
        null,
        null,
        null,
        1,
        null,
        null,
        1,
        1,
        null,
        null,
        1,
        1,
        null,
        null,
        1,
        null,
        null,
        1,
        null,
        null,
        null,
        null,
        1,
        null,
        null,
        1,
        null,
        null,
        1,
        null,
        null,
        null,
        null
      ],
      "/Users/kyle_s/Documents/2module/weekly_tests/job-tracker/config/initializers/assets.rb": [
        null,
        null,
        null,
        1,
        null,
        null,
        null,
        null,
        null,
        null,
        null
      ],
      "/Users/kyle_s/Documents/2module/weekly_tests/job-tracker/config/initializers/backtrace_silencers.rb": [
        null,
        null,
        null,
        null,
        null,
        null,
        null
      ],
      "/Users/kyle_s/Documents/2module/weekly_tests/job-tracker/config/initializers/cookies_serializer.rb": [
        null,
        null,
        1
      ],
      "/Users/kyle_s/Documents/2module/weekly_tests/job-tracker/config/initializers/filter_parameter_logging.rb": [
        null,
        null,
        null,
        1
      ],
      "/Users/kyle_s/Documents/2module/weekly_tests/job-tracker/config/initializers/inflections.rb": [
        null,
        null,
        null,
        null,
        null,
        null,
        null,
        null,
        null,
        null,
        null,
        null,
        null,
        null,
        null,
        null
      ],
      "/Users/kyle_s/Documents/2module/weekly_tests/job-tracker/config/initializers/mime_types.rb": [
        null,
        null,
        null,
        null
      ],
      "/Users/kyle_s/Documents/2module/weekly_tests/job-tracker/config/initializers/session_store.rb": [
        null,
        null,
        1
      ],
      "/Users/kyle_s/Documents/2module/weekly_tests/job-tracker/config/initializers/wrap_parameters.rb": [
        null,
        null,
        null,
        null,
        null,
        null,
        1,
        2,
        null,
        null,
        null,
        null,
        null,
        null
      ],
      "/Users/kyle_s/Documents/2module/weekly_tests/job-tracker/config/routes.rb": [
        1,
        1,
        1,
        1,
        1,
        null,
        null,
        null,
        1,
        1,
        1,
        null,
        null,
        1,
        null,
        1,
        null,
        1,
        null,
        null,
        null,
        null,
        null,
        null,
        null,
        null,
        null,
        null,
        null,
        null,
        null,
        null,
        null,
        null,
        null,
        null,
        null,
        null,
        null,
        null,
        null,
        null,
        null,
        null,
        null,
        null,
        null,
        null,
        null,
        null,
        null,
        null,
        null,
        null,
        null,
        null,
        null,
        null,
        null,
        null,
        null,
        null,
        null,
        null,
        null,
        null,
        null,
        null,
        null,
        null,
        null,
        null,
        null,
        null
      ],
      "/Users/kyle_s/Documents/2module/weekly_tests/job-tracker/app/helpers/application_helper.rb": [
        1,
        null
      ],
      "/Users/kyle_s/Documents/2module/weekly_tests/job-tracker/app/models/category.rb": [
        1,
        1,
        1,
        null
      ],
      "/Users/kyle_s/Documents/2module/weekly_tests/job-tracker/app/models/application_record.rb": [
        1,
        1,
        null
      ],
      "/Users/kyle_s/Documents/2module/weekly_tests/job-tracker/app/models/comment.rb": [
        1,
        1,
        1,
        null
      ],
      "/Users/kyle_s/Documents/2module/weekly_tests/job-tracker/app/models/company.rb": [
        1,
        1,
        1,
        1,
        null,
        1,
        0,
        null,
        null,
        1,
        8,
        null,
        null,
        1,
        null,
        null,
        null,
        8,
        null,
        null
      ],
      "/Users/kyle_s/Documents/2module/weekly_tests/job-tracker/app/models/contact.rb": [
        1,
        1,
        1,
        1,
        null,
        1,
        null
      ],
      "/Users/kyle_s/Documents/2module/weekly_tests/job-tracker/app/models/job.rb": [
        1,
        1,
        1,
        1,
        1,
        null,
        1,
        187,
        null,
        null,
        1,
        61,
        null,
        null,
        1,
        61,
        null,
        null,
        1,
        2,
        null,
        null,
        1,
        8,
        null,
        null,
        1,
        0,
        null,
        null,
        1,
        0,
        null,
        null,
        1,
        1,
        1,
        null,
        null,
        1,
        5,
        null,
        null,
        1,
        10,
        null,
        10,
        null,
        null,
        1,
        10,
        null,
        10,
        104,
        null,
        104,
        104,
        null,
        null,
        10,
        37,
        null,
        null,
        10,
        null,
        null,
        1,
        293,
        293,
        293,
        293,
        null,
        293,
        null,
        null
      ]
    },
    "timestamp": 1522258990
  }
}
